<?xml version="1.0" encoding="UTF-8"?>
<testsuite xmlns:xsi="http://www.w3.org/2001/XMLSchema-instance" xsi:noNamespaceSchemaLocation="https://maven.apache.org/surefire/maven-surefire-plugin/xsd/surefire-test-report-3.0.xsd" version="3.0" name="com.apptest.AppPlaywrightTest" time="8.138" tests="3" errors="0" skipped="0" failures="0">
  <properties>
[...]
</properties>
  <testcase name="testOnWebkit" classname="com.apptest.AppPlaywrightTest" time="2.523">
    <system-out><![CDATA[webkit title: Andrei Spânu: Câți deputați controlează? Revine în politică? Câte televiziuni are? Ce-i cu justiția? - YouTube
]]></system-out>
  </testcase>
  <testcase name="testOnChromium" classname="com.apptest.AppPlaywrightTest" time="1.816">
    <system-out><![CDATA[chromium title: Andrei Spânu: Câți deputați controlează? Revine în politică? Câte televiziuni are? Ce-i cu justiția? - YouTube
]]></system-out>
  </testcase>
  <testcase name="testOnFirefox" classname="com.apptest.AppPlaywrightTest" time="3.792">
    <system-out><![CDATA[firefox title: Andrei Spânu: Câți deputați controlează? Revine în politică? Câte televiziuni are? Ce-i cu justiția? - YouTube
]]></system-out>
  </testcase>
</testsuite>